Copyright 1986-2016 Xilinx, Inc. All Rights Reserved.
-------------------------------------------------------------------------------------------------------------------------------------------------
| Tool Version : Vivado v.2016.2 (win64) Build 1577090 Thu Jun  2 16:32:40 MDT 2016
| Date         : Sun Feb 19 07:25:04 2023
| Host         : Jason-Pro14 running 64-bit major release  (build 9200)
| Command      : report_timing_summary -warn_on_violation -max_paths 10 -file main_timing_summary_routed.rpt -rpx main_timing_summary_routed.rpx
| Design       : main
| Device       : 7a100t-csg324
| Speed File   : -1  PRODUCTION 1.14 2014-09-11
-------------------------------------------------------------------------------------------------------------------------------------------------

Timing Summary Report

------------------------------------------------------------------------------------------------
| Timer Settings
| --------------
------------------------------------------------------------------------------------------------

  Enable Multi Corner Analysis               :  Yes
  Enable Pessimism Removal                   :  Yes
  Pessimism Removal Resolution               :  Nearest Common Node
  Enable Input Delay Default Clock           :  No
  Enable Preset / Clear Arcs                 :  No
  Disable Flight Delays                      :  No
  Ignore I/O Paths                           :  No
  Timing Early Launch at Borrowing Latches   :  false

  Corner  Analyze    Analyze    
  Name    Max Paths  Min Paths  
  ------  ---------  ---------  
  Slow    Yes        Yes        
  Fast    Yes        Yes        



check_timing report

Table of Contents
-----------------
1. checking no_clock
2. checking constant_clock
3. checking pulse_width_clock
4. checking unconstrained_internal_endpoints
5. checking no_input_delay
6. checking no_output_delay
7. checking multiple_clock
8. checking generated_clocks
9. checking loops
10. checking partial_input_delay
11. checking partial_output_delay
12. checking latch_loops

1. checking no_clock
--------------------
 There are 187 register/latch pins with no clock driven by root clock pin: sys_clk (HIGH)

 There are 169 register/latch pins with no clock driven by root clock pin: clk_25M_reg/C (HIGH)

 There are 2 register/latch pins with no clock driven by root clock pin: cur_st_reg[0]/C (HIGH)

 There are 2 register/latch pins with no clock driven by root clock pin: cur_st_reg[1]/C (HIGH)

 There are 2 register/latch pins with no clock driven by root clock pin: my_bluetooth/my_uart_rx/o_rx_done_reg/C (HIGH)

 There are 2 register/latch pins with no clock driven by root clock pin: my_bluetooth/my_uart_rx/o_uart_data_reg[0]/C (HIGH)

 There are 2 register/latch pins with no clock driven by root clock pin: my_bluetooth/my_uart_rx/o_uart_data_reg[1]/C (HIGH)

 There are 2 register/latch pins with no clock driven by root clock pin: my_bluetooth/my_uart_rx/o_uart_data_reg[2]/C (HIGH)

 There are 2 register/latch pins with no clock driven by root clock pin: my_bluetooth/my_uart_rx/o_uart_data_reg[3]/C (HIGH)

 There are 2 register/latch pins with no clock driven by root clock pin: my_bluetooth/my_uart_rx/o_uart_data_reg[4]/C (HIGH)

 There are 2 register/latch pins with no clock driven by root clock pin: my_bluetooth/my_uart_rx/o_uart_data_reg[5]/C (HIGH)

 There are 2 register/latch pins with no clock driven by root clock pin: my_bluetooth/my_uart_rx/o_uart_data_reg[6]/C (HIGH)

 There are 2 register/latch pins with no clock driven by root clock pin: my_bluetooth/my_uart_rx/o_uart_data_reg[7]/C (HIGH)

 There are 3 register/latch pins with no clock driven by root clock pin: my_bluetooth/my_uart_rx/r_current_state_reg[0]/C (HIGH)

 There are 3 register/latch pins with no clock driven by root clock pin: my_bluetooth/my_uart_rx/r_current_state_reg[1]/C (HIGH)

 There are 3 register/latch pins with no clock driven by root clock pin: my_bluetooth/my_uart_rx/r_current_state_reg[2]/C (HIGH)

 There are 3 register/latch pins with no clock driven by root clock pin: my_bluetooth/u_uart_tx/r_current_state_reg[0]/C (HIGH)

 There are 3 register/latch pins with no clock driven by root clock pin: my_bluetooth/u_uart_tx/r_current_state_reg[1]/C (HIGH)

 There are 3 register/latch pins with no clock driven by root clock pin: my_bluetooth/u_uart_tx/r_current_state_reg[2]/C (HIGH)

 There are 136 register/latch pins with no clock driven by root clock pin: my_bluetooth_clk/clk_out_reg/C (HIGH)

 There are 24 register/latch pins with no clock driven by root clock pin: my_vga_ctrl/cnt_h_reg[0]/C (HIGH)

 There are 24 register/latch pins with no clock driven by root clock pin: my_vga_ctrl/cnt_h_reg[1]/C (HIGH)

 There are 24 register/latch pins with no clock driven by root clock pin: my_vga_ctrl/cnt_h_reg[2]/C (HIGH)

 There are 24 register/latch pins with no clock driven by root clock pin: my_vga_ctrl/cnt_h_reg[3]/C (HIGH)

 There are 24 register/latch pins with no clock driven by root clock pin: my_vga_ctrl/cnt_h_reg[4]/C (HIGH)

 There are 24 register/latch pins with no clock driven by root clock pin: my_vga_ctrl/cnt_h_reg[5]/C (HIGH)

 There are 24 register/latch pins with no clock driven by root clock pin: my_vga_ctrl/cnt_h_reg[6]/C (HIGH)

 There are 24 register/latch pins with no clock driven by root clock pin: my_vga_ctrl/cnt_h_reg[7]/C (HIGH)

 There are 24 register/latch pins with no clock driven by root clock pin: my_vga_ctrl/cnt_h_reg[8]/C (HIGH)

 There are 24 register/latch pins with no clock driven by root clock pin: my_vga_ctrl/cnt_h_reg[9]/C (HIGH)

 There are 24 register/latch pins with no clock driven by root clock pin: my_vga_ctrl/cnt_v_reg[0]/C (HIGH)

 There are 24 register/latch pins with no clock driven by root clock pin: my_vga_ctrl/cnt_v_reg[1]/C (HIGH)

 There are 24 register/latch pins with no clock driven by root clock pin: my_vga_ctrl/cnt_v_reg[2]/C (HIGH)

 There are 24 register/latch pins with no clock driven by root clock pin: my_vga_ctrl/cnt_v_reg[3]/C (HIGH)

 There are 24 register/latch pins with no clock driven by root clock pin: my_vga_ctrl/cnt_v_reg[4]/C (HIGH)

 There are 24 register/latch pins with no clock driven by root clock pin: my_vga_ctrl/cnt_v_reg[5]/C (HIGH)

 There are 24 register/latch pins with no clock driven by root clock pin: my_vga_ctrl/cnt_v_reg[6]/C (HIGH)

 There are 24 register/latch pins with no clock driven by root clock pin: my_vga_ctrl/cnt_v_reg[7]/C (HIGH)

 There are 24 register/latch pins with no clock driven by root clock pin: my_vga_ctrl/cnt_v_reg[8]/C (HIGH)

 There are 24 register/latch pins with no clock driven by root clock pin: my_vga_ctrl/cnt_v_reg[9]/C (HIGH)


2. checking constant_clock
--------------------------
 There are 0 register/latch pins with constant_clock.


3. checking pulse_width_clock
-----------------------------
 There are 0 register/latch pins which need pulse_width check


4. checking unconstrained_internal_endpoints
--------------------------------------------
 There are 1362 pins that are not constrained for maximum delay. (HIGH)

 There are 0 pins that are not constrained for maximum delay due to constant clock.


5. checking no_input_delay
--------------------------
 There are 5 input ports with no input delay specified. (HIGH)

 There are 0 input ports with no input delay but user has a false path constraint.


6. checking no_output_delay
---------------------------
 There are 17 ports with no output delay specified. (HIGH)

 There are 0 ports with no output delay but user has a false path constraint

 There are 0 ports with no output delay but with a timing clock defined on it or propagating through it


7. checking multiple_clock
--------------------------
 There are 0 register/latch pins with multiple clocks.


8. checking generated_clocks
----------------------------
 There are 0 generated clocks that are not connected to a clock source.


9. checking loops
-----------------
 There are 0 combinational loops in the design.


10. checking partial_input_delay
--------------------------------
 There are 0 input ports with partial input delay specified.


11. checking partial_output_delay
---------------------------------
 There are 0 ports with partial output delay specified.


12. checking latch_loops
------------------------
 There are 0 combinational latch loops in the design through latch input



------------------------------------------------------------------------------------------------
| Design Timing Summary
| ---------------------
------------------------------------------------------------------------------------------------

    WNS(ns)      TNS(ns)  TNS Failing Endpoints  TNS Total Endpoints      WHS(ns)      THS(ns)  THS Failing Endpoints  THS Total Endpoints     WPWS(ns)     TPWS(ns)  TPWS Failing Endpoints  TPWS Total Endpoints  
    -------      -------  ---------------------  -------------------      -------      -------  ---------------------  -------------------     --------     --------  ----------------------  --------------------  
         NA           NA                     NA                   NA           NA           NA                     NA                   NA           NA           NA                      NA                    NA  


There are no user specified timing constraints.


------------------------------------------------------------------------------------------------
| Clock Summary
| -------------
------------------------------------------------------------------------------------------------


------------------------------------------------------------------------------------------------
| Intra Clock Table
| -----------------
------------------------------------------------------------------------------------------------

Clock             WNS(ns)      TNS(ns)  TNS Failing Endpoints  TNS Total Endpoints      WHS(ns)      THS(ns)  THS Failing Endpoints  THS Total Endpoints     WPWS(ns)     TPWS(ns)  TPWS Failing Endpoints  TPWS Total Endpoints  
-----             -------      -------  ---------------------  -------------------      -------      -------  ---------------------  -------------------     --------     --------  ----------------------  --------------------  


------------------------------------------------------------------------------------------------
| Inter Clock Table
| -----------------
------------------------------------------------------------------------------------------------

From Clock    To Clock          WNS(ns)      TNS(ns)  TNS Failing Endpoints  TNS Total Endpoints      WHS(ns)      THS(ns)  THS Failing Endpoints  THS Total Endpoints  
----------    --------          -------      -------  ---------------------  -------------------      -------      -------  ---------------------  -------------------  


------------------------------------------------------------------------------------------------
| Other Path Groups Table
| -----------------------
------------------------------------------------------------------------------------------------

Path Group    From Clock    To Clock          WNS(ns)      TNS(ns)  TNS Failing Endpoints  TNS Total Endpoints      WHS(ns)      THS(ns)  THS Failing Endpoints  THS Total Endpoints  
----------    ----------    --------          -------      -------  ---------------------  -------------------      -------      -------  ---------------------  -------------------  


------------------------------------------------------------------------------------------------
| Timing Details
| --------------
------------------------------------------------------------------------------------------------


